  @Test
  void shouldHandleTestSuiteDetails() throws URISyntaxException {
    SensorContextTester context = SensorContextTester.create(new File(""));
    context.fileSystem()
      .add(resource("org.sonar.core.ExtensionsFinderTest"))
      .add(resource("org.sonar.core.ExtensionsFinderTest2"))
      .add(resource("org.sonar.core.ExtensionsFinderTest3"));

    collect(context, "/org/sonar/plugins/surefire/SurefireSensorTest/shouldHandleTestSuiteDetails/");

    assertThat(context.measures(":org.sonar.core.ExtensionsFinderTest")).hasSize(5);
    assertThat(context.measures(":org.sonar.core.ExtensionsFinderTest2")).hasSize(5);
    assertThat(context.measures(":org.sonar.core.ExtensionsFinderTest3")).hasSize(5);

    assertThat(context.measure(":org.sonar.core.ExtensionsFinderTest", CoreMetrics.TESTS).value()).isEqualTo(4);
    assertThat(context.measure(":org.sonar.core.ExtensionsFinderTest", CoreMetrics.TEST_EXECUTION_TIME).value()).isEqualTo(111L);

    assertThat(context.measure(":org.sonar.core.ExtensionsFinderTest", CoreMetrics.TEST_FAILURES).value()).isEqualTo(1);
    assertThat(context.measure(":org.sonar.core.ExtensionsFinderTest", CoreMetrics.TEST_ERRORS).value()).isEqualTo(1);
    assertThat(context.measure(":org.sonar.core.ExtensionsFinderTest", CoreMetrics.SKIPPED_TESTS).value()).isEqualTo(0);

    assertThat(context.measure(":org.sonar.core.ExtensionsFinderTest2", CoreMetrics.TESTS).value()).isEqualTo(2);
    assertThat(context.measure(":org.sonar.core.ExtensionsFinderTest2", CoreMetrics.TEST_EXECUTION_TIME).value()).isEqualTo(2);
    assertThat(context.measure(":org.sonar.core.ExtensionsFinderTest2", CoreMetrics.TEST_FAILURES).value()).isEqualTo(0);
    assertThat(context.measure(":org.sonar.core.ExtensionsFinderTest2", CoreMetrics.TEST_ERRORS).value()).isEqualTo(0);
    assertThat(context.measure(":org.sonar.core.ExtensionsFinderTest2", CoreMetrics.SKIPPED_TESTS).value()).isEqualTo(0);

    assertThat(context.measure(":org.sonar.core.ExtensionsFinderTest3", CoreMetrics.TESTS).value()).isEqualTo(1);
    assertThat(context.measure(":org.sonar.core.ExtensionsFinderTest3", CoreMetrics.TEST_EXECUTION_TIME).value()).isEqualTo(16);
    assertThat(context.measure(":org.sonar.core.ExtensionsFinderTest3", CoreMetrics.TEST_FAILURES).value()).isEqualTo(0);
    assertThat(context.measure(":org.sonar.core.ExtensionsFinderTest3", CoreMetrics.TEST_ERRORS).value()).isEqualTo(0);
    assertThat(context.measure(":org.sonar.core.ExtensionsFinderTest3", CoreMetrics.SKIPPED_TESTS).value()).isEqualTo(1);
  }

